# JRE version: OpenJDK Runtime Environment Temurin-17.0.10+7 (17.0.10+7) (build 17.0.10+7)
# Java VM: OpenJDK 64-Bit Server VM Temurin-17.0.10+7 (17.0.10+7, mixed mode, tiered, compressed oops, compressed class ptrs, parallel gc, windows-amd64)
GC Precious Log:
 CPUs: 8 total, 8 available
 Memory: 6058M
 Large Page Support: Disabled
 NUMA Support: Disabled
 Compressed Oops: Enabled (32-bit)
 Alignments: Space 512K, Generation 512K, Heap 2M
 Heap Min Capacity: 100M
 Heap Initial Capacity: 100M
 Heap Max Capacity: 1G
 Pre-touch: Disabled
 Parallel Workers: 8
Heap:
 PSYoungGen      total 18944K, used 3578K [0x00000000eab00000, 0x00000000ec300000, 0x0000000100000000)
  eden space 15360K, 0% used [0x00000000eab00000,0x00000000eab00000,0x00000000eba00000)
  from space 3584K, 99% used [0x00000000ebf80000,0x00000000ec2fe8f0,0x00000000ec300000)
  to   space 4096K, 0% used [0x00000000ebb00000,0x00000000ebb00000,0x00000000ebf00000)
 ParOldGen       total 68608K, used 67905K [0x00000000c0000000, 0x00000000c4300000, 0x00000000eab00000)
  object space 68608K, 98% used [0x00000000c0000000,0x00000000c42507b0,0x00000000c4300000)
 Metaspace       used 54922K, committed 55936K, reserved 1114112K
  class space    used 5883K, committed 6336K, reserved 1048576K
GC Heap History (20 events):
Event: 18.193 GC heap after
{Heap after GC invocations=29 (full 2):
 PSYoungGen      total 19456K, used 1837K [0x00000000eab00000, 0x00000000ec080000, 0x0000000100000000)
  eden space 17408K, 0% used [0x00000000eab00000,0x00000000eab00000,0x00000000ebc00000)
  from space 2048K, 89% used [0x00000000ebe00000,0x00000000ebfcb530,0x00000000ec000000)
  to   space 512K, 0% used [0x00000000ec000000,0x00000000ec000000,0x00000000ec080000)
 ParOldGen       total 68608K, used 40418K [0x00000000c0000000, 0x00000000c4300000, 0x00000000eab00000)
  object space 68608K, 58% used [0x00000000c0000000,0x00000000c2778b88,0x00000000c4300000)
 Metaspace       used 53707K, committed 54784K, reserved 1114112K
  class space    used 5765K, committed 6208K, reserved 1048576K
}
Event: 18.811 GC heap before
{Heap before GC invocations=30 (full 2):
 PSYoungGen      total 19456K, used 19122K [0x00000000eab00000, 0x00000000ec080000, 0x0000000100000000)
  eden space 17408K, 99% used [0x00000000eab00000,0x00000000ebbe1558,0x00000000ebc00000)
  from space 2048K, 89% used [0x00000000ebe00000,0x00000000ebfcb530,0x00000000ec000000)
  to   space 512K, 0% used [0x00000000ec000000,0x00000000ec000000,0x00000000ec080000)
 ParOldGen       total 68608K, used 40418K [0x00000000c0000000, 0x00000000c4300000, 0x00000000eab00000)
  object space 68608K, 58% used [0x00000000c0000000,0x00000000c2778b88,0x00000000c4300000)
 Metaspace       used 54348K, committed 55360K, reserved 1114112K
  class space    used 5819K, committed 6272K, reserved 1048576K
}
Event: 18.817 GC heap after
{Heap after GC invocations=30 (full 2):
 PSYoungGen      total 17920K, used 512K [0x00000000eab00000, 0x00000000ec300000, 0x0000000100000000)
  eden space 17408K, 0% used [0x00000000eab00000,0x00000000eab00000,0x00000000ebc00000)
  from space 512K, 100% used [0x00000000ec000000,0x00000000ec080000,0x00000000ec080000)
  to   space 3584K, 0% used [0x00000000ebc00000,0x00000000ebc00000,0x00000000ebf80000)
 ParOldGen       total 68608K, used 42977K [0x00000000c0000000, 0x00000000c4300000, 0x00000000eab00000)
  object space 68608K, 62% used [0x00000000c0000000,0x00000000c29f84d8,0x00000000c4300000)
 Metaspace       used 54348K, committed 55360K, reserved 1114112K
  class space    used 5819K, committed 6272K, reserved 1048576K
}
Event: 19.182 GC heap before
{Heap before GC invocations=31 (full 2):
 PSYoungGen      total 17920K, used 17920K [0x00000000eab00000, 0x00000000ec300000, 0x0000000100000000)
  eden space 17408K, 100% used [0x00000000eab00000,0x00000000ebc00000,0x00000000ebc00000)
  from space 512K, 100% used [0x00000000ec000000,0x00000000ec080000,0x00000000ec080000)
  to   space 3584K, 0% used [0x00000000ebc00000,0x00000000ebc00000,0x00000000ebf80000)
 ParOldGen       total 68608K, used 42977K [0x00000000c0000000, 0x00000000c4300000, 0x00000000eab00000)
  object space 68608K, 62% used [0x00000000c0000000,0x00000000c29f84d8,0x00000000c4300000)
 Metaspace       used 54467K, committed 55488K, reserved 1114112K
  class space    used 5828K, committed 6272K, reserved 1048576K
}
Event: 19.188 GC heap after
{Heap after GC invocations=31 (full 2):
 PSYoungGen      total 20992K, used 3038K [0x00000000eab00000, 0x00000000ec300000, 0x0000000100000000)
  eden space 17408K, 0% used [0x00000000eab00000,0x00000000eab00000,0x00000000ebc00000)
  from space 3584K, 84% used [0x00000000ebc00000,0x00000000ebef7970,0x00000000ebf80000)
  to   space 3584K, 0% used [0x00000000ebf80000,0x00000000ebf80000,0x00000000ec300000)
 ParOldGen       total 68608K, used 43431K [0x00000000c0000000, 0x00000000c4300000, 0x00000000eab00000)
  object space 68608K, 63% used [0x00000000c0000000,0x00000000c2a69df8,0x00000000c4300000)
 Metaspace       used 54467K, committed 55488K, reserved 1114112K
  class space    used 5828K, committed 6272K, reserved 1048576K
}
Event: 19.618 GC heap before
{Heap before GC invocations=32 (full 2):
 PSYoungGen      total 20992K, used 20446K [0x00000000eab00000, 0x00000000ec300000, 0x0000000100000000)
  eden space 17408K, 100% used [0x00000000eab00000,0x00000000ebc00000,0x00000000ebc00000)
  from space 3584K, 84% used [0x00000000ebc00000,0x00000000ebef7970,0x00000000ebf80000)
  to   space 3584K, 0% used [0x00000000ebf80000,0x00000000ebf80000,0x00000000ec300000)
 ParOldGen       total 68608K, used 43431K [0x00000000c0000000, 0x00000000c4300000, 0x00000000eab00000)
  object space 68608K, 63% used [0x00000000c0000000,0x00000000c2a69df8,0x00000000c4300000)
 Metaspace       used 54870K, committed 55936K, reserved 1114112K
  class space    used 5879K, committed 6336K, reserved 1048576K
}
Event: 19.624 GC heap after
{Heap after GC invocations=32 (full 2):
 PSYoungGen      total 20992K, used 3402K [0x00000000eab00000, 0x00000000ec300000, 0x0000000100000000)
  eden space 17408K, 0% used [0x00000000eab00000,0x00000000eab00000,0x00000000ebc00000)
  from space 3584K, 94% used [0x00000000ebf80000,0x00000000ec2d2b48,0x00000000ec300000)
  to   space 3584K, 0% used [0x00000000ebc00000,0x00000000ebc00000,0x00000000ebf80000)
 ParOldGen       total 68608K, used 46267K [0x00000000c0000000, 0x00000000c4300000, 0x00000000eab00000)
  object space 68608K, 67% used [0x00000000c0000000,0x00000000c2d2ef40,0x00000000c4300000)
 Metaspace       used 54870K, committed 55936K, reserved 1114112K
  class space    used 5879K, committed 6336K, reserved 1048576K
}
Event: 19.867 GC heap before
{Heap before GC invocations=33 (full 2):
 PSYoungGen      total 20992K, used 20810K [0x00000000eab00000, 0x00000000ec300000, 0x0000000100000000)
  eden space 17408K, 100% used [0x00000000eab00000,0x00000000ebc00000,0x00000000ebc00000)
  from space 3584K, 94% used [0x00000000ebf80000,0x00000000ec2d2b48,0x00000000ec300000)
  to   space 3584K, 0% used [0x00000000ebc00000,0x00000000ebc00000,0x00000000ebf80000)
 ParOldGen       total 68608K, used 46267K [0x00000000c0000000, 0x00000000c4300000, 0x00000000eab00000)
  object space 68608K, 67% used [0x00000000c0000000,0x00000000c2d2ef40,0x00000000c4300000)
 Metaspace       used 54876K, committed 55936K, reserved 1114112K
  class space    used 5879K, committed 6336K, reserved 1048576K
}
Event: 19.875 GC heap after
{Heap after GC invocations=33 (full 2):
 PSYoungGen      total 20992K, used 3570K [0x00000000eab00000, 0x00000000ecc00000, 0x0000000100000000)
  eden space 17408K, 0% used [0x00000000eab00000,0x00000000eab00000,0x00000000ebc00000)
  from space 3584K, 99% used [0x00000000ebc00000,0x00000000ebf7c838,0x00000000ebf80000)
  to   space 8192K, 0% used [0x00000000ec400000,0x00000000ec400000,0x00000000ecc00000)
 ParOldGen       total 68608K, used 49836K [0x00000000c0000000, 0x00000000c4300000, 0x00000000eab00000)
  object space 68608K, 72% used [0x00000000c0000000,0x00000000c30ab2f0,0x00000000c4300000)
 Metaspace       used 54876K, committed 55936K, reserved 1114112K
  class space    used 5879K, committed 6336K, reserved 1048576K
}
Event: 20.195 GC heap before
{Heap before GC invocations=34 (full 2):
 PSYoungGen      total 20992K, used 20978K [0x00000000eab00000, 0x00000000ecc00000, 0x0000000100000000)
  eden space 17408K, 100% used [0x00000000eab00000,0x00000000ebc00000,0x00000000ebc00000)
  from space 3584K, 99% used [0x00000000ebc00000,0x00000000ebf7c838,0x00000000ebf80000)
  to   space 8192K, 0% used [0x00000000ec400000,0x00000000ec400000,0x00000000ecc00000)
 ParOldGen       total 68608K, used 49836K [0x00000000c0000000, 0x00000000c4300000, 0x00000000eab00000)
  object space 68608K, 72% used [0x00000000c0000000,0x00000000c30ab2f0,0x00000000c4300000)
 Metaspace       used 54877K, committed 55936K, reserved 1114112K
  class space    used 5879K, committed 6336K, reserved 1048576K
}
Event: 20.201 GC heap after
{Heap after GC invocations=34 (full 2):
 PSYoungGen      total 21504K, used 3875K [0x00000000eab00000, 0x00000000ec800000, 0x0000000100000000)
  eden space 17408K, 0% used [0x00000000eab00000,0x00000000eab00000,0x00000000ebc00000)
  from space 4096K, 94% used [0x00000000ec400000,0x00000000ec7c8ef0,0x00000000ec800000)
  to   space 5120K, 0% used [0x00000000ebe00000,0x00000000ebe00000,0x00000000ec300000)
 ParOldGen       total 68608K, used 53254K [0x00000000c0000000, 0x00000000c4300000, 0x00000000eab00000)
  object space 68608K, 77% used [0x00000000c0000000,0x00000000c3401848,0x00000000c4300000)
 Metaspace       used 54877K, committed 55936K, reserved 1114112K
  class space    used 5879K, committed 6336K, reserved 1048576K
}
Event: 21.119 GC heap before
{Heap before GC invocations=35 (full 2):
 PSYoungGen      total 21504K, used 21283K [0x00000000eab00000, 0x00000000ec800000, 0x0000000100000000)
  eden space 17408K, 100% used [0x00000000eab00000,0x00000000ebc00000,0x00000000ebc00000)
  from space 4096K, 94% used [0x00000000ec400000,0x00000000ec7c8ef0,0x00000000ec800000)
  to   space 5120K, 0% used [0x00000000ebe00000,0x00000000ebe00000,0x00000000ec300000)
 ParOldGen       total 68608K, used 53254K [0x00000000c0000000, 0x00000000c4300000, 0x00000000eab00000)
  object space 68608K, 77% used [0x00000000c0000000,0x00000000c3401848,0x00000000c4300000)
 Metaspace       used 54880K, committed 55936K, reserved 1114112K
  class space    used 5879K, committed 6336K, reserved 1048576K
}
Event: 21.128 GC heap after
{Heap after GC invocations=35 (full 2):
 PSYoungGen      total 22016K, used 4210K [0x00000000eab00000, 0x00000000ec500000, 0x0000000100000000)
  eden space 17408K, 0% used [0x00000000eab00000,0x00000000eab00000,0x00000000ebc00000)
  from space 4608K, 91% used [0x00000000ebe00000,0x00000000ec21cad0,0x00000000ec280000)
  to   space 2560K, 0% used [0x00000000ec280000,0x00000000ec280000,0x00000000ec500000)
 ParOldGen       total 68608K, used 56830K [0x00000000c0000000, 0x00000000c4300000, 0x00000000eab00000)
  object space 68608K, 82% used [0x00000000c0000000,0x00000000c377fba0,0x00000000c4300000)
 Metaspace       used 54880K, committed 55936K, reserved 1114112K
  class space    used 5879K, committed 6336K, reserved 1048576K
}
Event: 21.997 GC heap before
{Heap before GC invocations=36 (full 2):
 PSYoungGen      total 22016K, used 21618K [0x00000000eab00000, 0x00000000ec500000, 0x0000000100000000)
  eden space 17408K, 100% used [0x00000000eab00000,0x00000000ebc00000,0x00000000ebc00000)
  from space 4608K, 91% used [0x00000000ebe00000,0x00000000ec21cad0,0x00000000ec280000)
  to   space 2560K, 0% used [0x00000000ec280000,0x00000000ec280000,0x00000000ec500000)
 ParOldGen       total 68608K, used 56830K [0x00000000c0000000, 0x00000000c4300000, 0x00000000eab00000)
  object space 68608K, 82% used [0x00000000c0000000,0x00000000c377fba0,0x00000000c4300000)
 Metaspace       used 54885K, committed 55936K, reserved 1114112K
  class space    used 5879K, committed 6336K, reserved 1048576K
}
Event: 22.010 GC heap after
{Heap after GC invocations=36 (full 2):
 PSYoungGen      total 17920K, used 2542K [0x00000000eab00000, 0x00000000ecd00000, 0x0000000100000000)
  eden space 15360K, 0% used [0x00000000eab00000,0x00000000eab00000,0x00000000eba00000)
  from space 2560K, 99% used [0x00000000ec280000,0x00000000ec4fb938,0x00000000ec500000)
  to   space 8704K, 0% used [0x00000000eba00000,0x00000000eba00000,0x00000000ec280000)
 ParOldGen       total 68608K, used 62108K [0x00000000c0000000, 0x00000000c4300000, 0x00000000eab00000)
  object space 68608K, 90% used [0x00000000c0000000,0x00000000c3ca7270,0x00000000c4300000)
 Metaspace       used 54885K, committed 55936K, reserved 1114112K
  class space    used 5879K, committed 6336K, reserved 1048576K
}
Event: 22.947 GC heap before
{Heap before GC invocations=37 (full 2):
 PSYoungGen      total 17920K, used 17902K [0x00000000eab00000, 0x00000000ecd00000, 0x0000000100000000)
  eden space 15360K, 100% used [0x00000000eab00000,0x00000000eba00000,0x00000000eba00000)
  from space 2560K, 99% used [0x00000000ec280000,0x00000000ec4fb938,0x00000000ec500000)
  to   space 8704K, 0% used [0x00000000eba00000,0x00000000eba00000,0x00000000ec280000)
 ParOldGen       total 68608K, used 62108K [0x00000000c0000000, 0x00000000c4300000, 0x00000000eab00000)
  object space 68608K, 90% used [0x00000000c0000000,0x00000000c3ca7270,0x00000000c4300000)
 Metaspace       used 54917K, committed 55936K, reserved 1114112K
  class space    used 5883K, committed 6336K, reserved 1048576K
}
Event: 22.955 GC heap after
{Heap after GC invocations=37 (full 2):
 PSYoungGen      total 19456K, used 3623K [0x00000000eab00000, 0x00000000ec500000, 0x0000000100000000)
  eden space 15360K, 0% used [0x00000000eab00000,0x00000000eab00000,0x00000000eba00000)
  from space 4096K, 88% used [0x00000000eba00000,0x00000000ebd89d78,0x00000000ebe00000)
  to   space 5632K, 0% used [0x00000000ebf80000,0x00000000ebf80000,0x00000000ec500000)
 ParOldGen       total 68608K, used 64517K [0x00000000c0000000, 0x00000000c4300000, 0x00000000eab00000)
  object space 68608K, 94% used [0x00000000c0000000,0x00000000c3f014a0,0x00000000c4300000)
 Metaspace       used 54917K, committed 55936K, reserved 1114112K
  class space    used 5883K, committed 6336K, reserved 1048576K
}
Event: 25.259 GC heap before
{Heap before GC invocations=38 (full 2):
 PSYoungGen      total 19456K, used 18983K [0x00000000eab00000, 0x00000000ec500000, 0x0000000100000000)
  eden space 15360K, 100% used [0x00000000eab00000,0x00000000eba00000,0x00000000eba00000)
  from space 4096K, 88% used [0x00000000eba00000,0x00000000ebd89d78,0x00000000ebe00000)
  to   space 5632K, 0% used [0x00000000ebf80000,0x00000000ebf80000,0x00000000ec500000)
 ParOldGen       total 68608K, used 64517K [0x00000000c0000000, 0x00000000c4300000, 0x00000000eab00000)
  object space 68608K, 94% used [0x00000000c0000000,0x00000000c3f014a0,0x00000000c4300000)
 Metaspace       used 54922K, committed 55936K, reserved 1114112K
  class space    used 5883K, committed 6336K, reserved 1048576K
}
Event: 25.267 GC heap after
{Heap after GC invocations=38 (full 2):
 PSYoungGen      total 18944K, used 3578K [0x00000000eab00000, 0x00000000ec300000, 0x0000000100000000)
  eden space 15360K, 0% used [0x00000000eab00000,0x00000000eab00000,0x00000000eba00000)
  from space 3584K, 99% used [0x00000000ebf80000,0x00000000ec2fe8f0,0x00000000ec300000)
  to   space 4096K, 0% used [0x00000000ebb00000,0x00000000ebb00000,0x00000000ebf00000)
 ParOldGen       total 68608K, used 67905K [0x00000000c0000000, 0x00000000c4300000, 0x00000000eab00000)
  object space 68608K, 98% used [0x00000000c0000000,0x00000000c42507b0,0x00000000c4300000)
 Metaspace       used 54922K, committed 55936K, reserved 1114112K
  class space    used 5883K, committed 6336K, reserved 1048576K
}
Event: 25.267 GC heap before
{Heap before GC invocations=39 (full 3):
 PSYoungGen      total 18944K, used 3578K [0x00000000eab00000, 0x00000000ec300000, 0x0000000100000000)
  eden space 15360K, 0% used [0x00000000eab00000,0x00000000eab00000,0x00000000eba00000)
  from space 3584K, 99% used [0x00000000ebf80000,0x00000000ec2fe8f0,0x00000000ec300000)
  to   space 4096K, 0% used [0x00000000ebb00000,0x00000000ebb00000,0x00000000ebf00000)
 ParOldGen       total 68608K, used 67905K [0x00000000c0000000, 0x00000000c4300000, 0x00000000eab00000)
  object space 68608K, 98% used [0x00000000c0000000,0x00000000c42507b0,0x00000000c4300000)
 Metaspace       used 54922K, committed 55936K, reserved 1114112K
  class space    used 5883K, committed 6336K, reserved 1048576K
}

